<?xml version="1.0" encoding="UTF-8"?>
<!-- Generated by org.testng.reporters.JUnitXMLReporter -->
<testsuite ignored="0" hostname="LAPTOP-9T512FU2" failures="0" tests="6" name="Test" time="33.951" errors="0" timestamp="2022-05-10T11:18:51 IST">
  <testcase classname="TestJava1.DashBoardTC" name="VerifySwithToNewTab" time="9.593"/>
  <testcase classname="TestJava1.LoginPageTC" name="VerifyURLOfLOginpage" time="0.015"/>
  <testcase classname="TestJava1.LoginPageTC" name="VerifyTitleOfLOginpage" time="0.012"/>
  <testcase classname="TestJava1.LoginPageTC" name="VerifyValidCredential" time="6.697"/>
  <testcase classname="TestJava1.LoginPageTC" name="VerifyInValidCredential" time="1.52"/>
  <testcase classname="TestJava1.LoginPageTC" name="VerifyErrorMSG" time="1.047"/>
</testsuite> <!-- Test -->
