<?xml version="1.0" encoding="UTF-8"?>
<!-- Generated by org.testng.reporters.JUnitXMLReporter -->
<testsuite ignored="1" hostname="LAPTOP-9T512FU2" failures="0" tests="1" name="Default test" time="6.668" errors="0" timestamp="2022-06-02T14:43:51 IST">
  <testcase classname="TestJava.LoginTestClass1" name="verifyTitleOfPage" time="0.012"/>
  <testcase classname="TestJava.LoginTestClass1" name="verifyUrlOfPage" time="0.0">
    <ignored/>
  </testcase> <!-- verifyUrlOfPage -->
</testsuite> <!-- Default test -->
